[2024-04-11 09:43:47.613]开始统计。
[0:0:658]2行 
投篮产生
本体血量:283
饰品1血量:0
饰品2血量:0
[0:0:677]4行 撑杆死亡
[0:1:310]4行 
橄榄产生
本体血量:270
饰品1血量:1600
饰品2血量:0
[0:1:796]2行 投篮死亡
[0:2:61]5行 
跳跳产生
本体血量:240
饰品1血量:0
饰品2血量:0
[0:3:722]3行 
小丑产生
本体血量:125
饰品1血量:0
饰品2血量:0
[0:4:419]5行 投篮死亡
[0:4:556]1行 
小鬼产生
本体血量:28
饰品1血量:0
饰品2血量:0
[0:6:148]2行 
豌豆产生
本体血量:135
饰品1血量:0
饰品2血量:0
[0:6:735]3行 坚果死亡
[0:6:736]5行 跳跳死亡
[0:6:985]3行 
辣椒产生
本体血量:204
饰品1血量:0
饰品2血量:0
[0:7:108]3行 小丑死亡
[0:7:860]1行 小鬼死亡
[0:9:262]2行 豌豆死亡
[0:10:583]3行 辣椒死亡
[0:11:215]5行 
橄榄产生
本体血量:54
饰品1血量:320
饰品2血量:0
[0:12:57]2行 
窝瓜产生
本体血量:135
饰品1血量:0
饰品2血量:0
[0:12:237]3行 
扶梯产生
本体血量:500
饰品1血量:0
饰品2血量:500
[0:14:292]1行 
海豚产生
本体血量:500
饰品1血量:0
饰品2血量:0
[0:15:52]2行 窝瓜死亡
[0:15:695]2行 
投篮产生
本体血量:401
饰品1血量:0
饰品2血量:0
[0:15:794]4行 
小鬼产生
本体血量:68
饰品1血量:0
饰品2血量:0
[0:16:903]4行 橄榄死亡
[0:16:996]2行 投篮死亡
[0:17:749]3行 
白眼产生
本体血量:976
饰品1血量:0
饰品2血量:0
[0:17:911]5行 橄榄死亡
[0:18:265]3行 扶梯死亡
[0:18:639]4行 小鬼死亡
[0:18:640]4行 
白眼产生
本体血量:713
饰品1血量:0
饰品2血量:0
[0:19:55]3行 
矿工产生
本体血量:270
饰品1血量:0
饰品2血量:0
[0:19:217]5行 
旗帜产生
本体血量:68
饰品1血量:275
饰品2血量:275
[0:20:426]1行 海豚死亡
[0:20:751]2行 
读报产生
本体血量:240
饰品1血量:0
饰品2血量:1096
[0:20:918]3行 
小鬼产生
本体血量:270
饰品1血量:0
饰品2血量:0
[0:22:42]1行 
潜水产生
本体血量:62
饰品1血量:0
饰品2血量:0
[0:22:686]2行 
雪人产生
本体血量:671
饰品1血量:0
饰品2血量:0
[0:22:687]1行 潜水死亡
[0:22:849]3行 矿工死亡
[0:24:625]3行 小鬼死亡
[0:24:779]3行 
伴舞产生
本体血量:270
饰品1血量:0
饰品2血量:0
[0:25:24]1行 
铁桶产生
本体血量:68
饰品1血量:271
饰品2血量:0
[0:26:75]5行 旗帜死亡
[0:26:152]4行 
投篮产生
本体血量:170
饰品1血量:0
饰品2血量:0
[0:27:207]3行 白眼死亡
[0:27:288]4行 白眼死亡
[0:27:288]4行 投篮死亡
[0:27:361]3行 
旗帜产生
本体血量:90
饰品1血量:367
饰品2血量:367
[0:27:845]5行 
读报产生
本体血量:120
饰品1血量:0
饰品2血量:550
[0:28:813]4行 
伴舞产生
本体血量:135
饰品1血量:0
饰品2血量:0
[0:28:825]3行 伴舞死亡
[0:28:906]2行 读报死亡
[0:28:906]2行 雪人死亡
[0:28:907]1行 铁桶死亡
[0:28:907]3行 旗帜死亡
[0:28:908]5行 读报死亡
[0:28:908]4行 伴舞死亡

以下为行统计信息

第3行[1] 普通僵尸
存活时间：16.10s
第2行[1] 路障
存活时间：7.07s
第5行[1] 路障
存活时间：7.82s
第4行[1] 路障
存活时间：7.82s
第3行[2] 路障
存活时间：8.10s
第2行[2] 海豚
存活时间：1.22s
第4行[2] 小丑
存活时间：2.90s
第5行[2] 伴舞
存活时间：3.08s
第1行[1] 路障
存活时间：11.09s
第4行[3] 路障
存活时间：5.43s
第2行[3] 路障
存活时间：6.82s
第5行[3] 路障
存活时间：7.01s
第3行[3] 路障
存活时间：8.04s
第1行[2] 雪橇
存活时间：5.33s
第2行[4] 伴舞
存活时间：3.84s
第5行[4] 鸭子
存活时间：3.75s
第4行[4] 冰车
存活时间：5.70s
第1行[3] 路障
存活时间：12.06s
第3行[4] 高坚果
存活时间：10.66s
第2行[5] 路障
存活时间：6.91s
第5行[5] 路障
存活时间：7.65s
第4行[5] 路障
存活时间：8.66s
第1行[4] 辣椒
存活时间：3.72s
第3行[5] 路障
存活时间：9.50s
第1行[5] 路障
存活时间：9.88s
第3行[6] 读报
存活时间：8.30s
第3行[7] 路障
存活时间：0.67s
第5行[6] 窝瓜
存活时间：3.27s
第3行[8] 冰车
存活时间：0.95s
第2行[6] 雪人
存活时间：5.70s
第3行[9] 路障
存活时间：6.64s
第2行[7] 路障
存活时间：7.29s
第3行[10] 蹦极
存活时间：4.23s
第5行[7] 路障
存活时间：7.86s
第1行[6] 路障
存活时间：9.27s
第3行[11] 机枪
存活时间：2.55s
第5行[8] 海豚
存活时间：1.71s
第1行[7] 雪橇
存活时间：18.27s
第4行[6] 路障
存活时间：10.86s
第4行[7] 钢铁门
存活时间：9.00s
第3行[12] 路障
存活时间：7.41s
第1行[8] 舞王
存活时间：5.15s
第2行[8] 路障
存活时间：7.97s
第4行[8] 蹦极
存活时间：8.81s
第5行[9] 路障
存活时间：9.84s
第1行[9] 雪橇
存活时间：25.03s
第1行[10] 路障
存活时间：10.02s
第1行[11] 路障
存活时间：3.66s
第2行[9] 路障
存活时间：2.07s
第1行[12] 雪橇
存活时间：28.02s
第2行[10] 路障
存活时间：7.40s
第4行[9] 铁桶
存活时间：9.82s
第3行[13] 路障
存活时间：9.64s
第2行[11] 冰车
存活时间：2.26s
第3行[14] 橄榄
存活时间：9.11s
第4行[10] 路障
存活时间：16.76s
第4行[11] 撑杆
存活时间：2.58s
第2行[12] 投篮
存活时间：1.14s
第5行[10] 投篮
存活时间：13.25s
第3行[15] 坚果
存活时间：9.30s
第5行[11] 跳跳
存活时间：4.67s
第3行[16] 小丑
存活时间：3.39s
第1行[13] 小鬼
存活时间：3.30s
第2行[13] 豌豆
存活时间：3.12s
第3行[17] 辣椒
存活时间：3.60s
第2行[14] 窝瓜
存活时间：3.00s
第4行[12] 橄榄
存活时间：15.59s
第2行[15] 投篮
存活时间：1.30s
第5行[12] 橄榄
存活时间：6.70s
第3行[18] 扶梯
存活时间：6.03s
第4行[13] 小鬼
存活时间：2.85s
第1行[14] 海豚
存活时间：6.13s
第1行[15] 潜水
存活时间：0.65s
第3行[19] 矿工
存活时间：3.79s
第3行[20] 小鬼
存活时间：3.71s
第5行[13] 旗帜
存活时间：6.86s
第3行[21] 白眼
存活时间：9.46s
第4行[14] 白眼
存活时间：8.65s
第4行[15] 投篮
存活时间：1.14s
第3行[22] 伴舞
存活时间：4.04s
第2行[16] 读报
存活时间：8.15s
第2行[魅惑] 雪人
存在时间：6.22s
第1行[16] 铁桶
存活时间：3.88s
第3行[23] 旗帜
存活时间：1.54s
第5行[14] 读报
存活时间：1.06s
第4行[16] 伴舞
存活时间：0.09s

第1行共计击杀16个僵尸

第2行共计击杀16个僵尸

第3行共计击杀23个僵尸

第4行共计击杀16个僵尸

第5行共计击杀14个僵尸

第6行共计击杀0个僵尸
[2024-04-11 09:44:23.295]结束统计。
